[2026-01-22 08:05:47] DB Connection FAILED: SQLSTATE[HY000] [2006] MySQL server has gone away
[2026-01-22 08:31:46] DB Connection FAILED: SQLSTATE[HY000] [2002] No connection could be made because the target machine actively refused it
[2026-01-22 08:45:31] DB Connection FAILED: SQLSTATE[HY000] [2002] No connection could be made because the target machine actively refused it
[2026-01-22 08:56:54] DB Connection FAILED: SQLSTATE[HY000] [1049] Unknown database 'mipaymaster'
[2026-01-22 08:56:56] DB Connection FAILED: SQLSTATE[HY000] [1049] Unknown database 'mipaymaster'
[2026-01-22 08:56:57] DB Connection FAILED: SQLSTATE[HY000] [1049] Unknown database 'mipaymaster'
[2026-01-22 08:57:07] DB Connection FAILED: SQLSTATE[HY000] [1049] Unknown database 'mipaymaster'
[2026-01-22 08:57:13] DB Connection FAILED: SQLSTATE[HY000] [1049] Unknown database 'mipaymaster'
[2026-01-22 09:00:23] DB Connected successfully
[2026-01-22 09:00:27] DB Connected successfully
[2026-01-22 09:00:32] DB Connected successfully
[2026-01-22 09:00:33] DB Connected successfully
[2026-01-22 09:00:40] DB Connected successfully
[2026-01-22 09:00:46] DB Connected successfully
[2026-01-22 09:00:47] DB Connected successfully
[2026-01-22 09:00:51] DB Connected successfully
[2026-01-22 09:00:52] DB Connected successfully
[2026-01-22 09:00:57] DB Connected successfully
[2026-01-22 09:00:58] DB Connected successfully
[2026-01-22 09:00:59] DB Connected successfully
[2026-01-22 09:01:01] DB Connected successfully
[2026-01-22 09:01:02] DB Connected successfully
[2026-01-22 09:01:03] DB Connected successfully
[2026-01-22 09:01:07] DB Connected successfully
[2026-01-22 09:01:57] DB Connected successfully
[2026-01-22 09:29:53] DB Connected successfully
[2026-01-22 09:30:08] DB Connected successfully
[2026-01-22 09:30:11] DB Connected successfully
[2026-01-22 09:30:12] DB Connected successfully
[2026-01-22 09:30:14] DB Connected successfully
[2026-01-22 09:32:15] DB Connected successfully
[2026-01-22 09:32:19] DB Connected successfully
[2026-01-22 09:32:20] DB Connected successfully
[2026-01-22 09:32:22] DB Connected successfully
[2026-01-22 09:32:28] DB Connected successfully
[2026-01-22 09:32:32] DB Connected successfully
[2026-01-22 09:32:53] DB Connected successfully
[2026-01-22 09:33:09] DB Connected successfully
[2026-01-22 09:33:14] DB Connected successfully
[2026-01-22 09:33:14] DB Connected successfully
[2026-01-22 09:33:39] DB Connected successfully
[2026-01-22 09:33:43] DB Connected successfully
[2026-01-22 09:33:47] DB Connected successfully
[2026-01-22 09:33:49] DB Connected successfully
[2026-01-22 09:36:20] DB Connected successfully
[2026-01-22 09:36:24] DB Connected successfully
[2026-01-22 09:36:29] DB Connected successfully
[2026-01-22 09:36:33] DB Connected successfully
[2026-01-22 09:36:37] DB Connected successfully
[2026-01-22 09:36:40] DB Connected successfully
[2026-01-22 09:36:44] DB Connected successfully
[2026-01-22 09:36:51] DB Connected successfully
[2026-01-22 09:36:54] DB Connected successfully
[2026-01-22 09:36:59] DB Connected successfully
[2026-01-22 09:37:07] DB Connected successfully
[2026-01-22 09:37:44] DB Connected successfully
[2026-01-22 09:37:44] DB Connected successfully
[2026-01-22 09:38:07] DB Connected successfully
[2026-01-22 09:38:57] DB Connected successfully
[2026-01-22 09:39:02] DB Connected successfully
[2026-01-22 09:39:06] DB Connected successfully
[2026-01-22 09:39:16] DB Connected successfully
[2026-01-22 09:43:52] DB Connected successfully
[2026-01-22 09:44:24] DB Connected successfully
[2026-01-23 06:46:42] DB Connected successfully
[2026-01-23 06:46:47] DB Connected successfully
[2026-01-23 06:46:47] DB Connected successfully
[2026-01-23 06:46:52] DB Connected successfully
[2026-01-23 06:52:55] DB Connected successfully
[2026-01-23 06:53:04] DB Connected successfully
[2026-01-23 06:53:27] DB Connected successfully
[2026-01-23 06:53:51] DB Connected successfully
[2026-01-23 07:09:12] DB Connected successfully
[2026-01-23 11:05:57] DB Connected successfully
[2026-01-23 11:05:59] DB Connected successfully
[2026-01-23 11:05:59] DB Connected successfully
[2026-01-23 11:06:25] DB Connected successfully
[2026-01-23 11:06:39] DB Connected successfully
[2026-01-23 11:06:47] DB Connected successfully
[2026-01-23 11:06:58] DB Connected successfully
[2026-01-23 11:06:59] DB Connected successfully
[2026-01-23 11:07:01] DB Connected successfully
[2026-01-23 11:07:02] DB Connected successfully
[2026-01-23 11:07:04] DB Connected successfully
[2026-01-23 11:07:08] DB Connected successfully
[2026-01-23 11:07:11] DB Connected successfully
[2026-01-23 11:07:14] DB Connected successfully
[2026-01-23 11:07:19] DB Connected successfully
[2026-01-23 11:07:23] DB Connected successfully
[2026-01-23 11:07:25] DB Connected successfully
[2026-01-23 11:07:33] DB Connected successfully
[2026-01-23 11:08:36] DB Connected successfully
[2026-01-23 11:10:06] DB Connected successfully
[2026-01-23 11:48:50] DB Connected successfully
[2026-01-23 11:48:56] DB Connected successfully
[2026-01-23 11:48:57] DB Connected successfully
[2026-01-23 11:49:39] DB Connected successfully
[2026-01-23 11:49:40] DB Connected successfully
[2026-01-23 11:49:43] DB Connected successfully
[2026-01-23 11:51:06] DB Connected successfully
[2026-01-23 11:51:30] DB Connected successfully
[2026-01-23 11:51:32] DB Connected successfully
[2026-01-23 11:53:17] DB Connected successfully
[2026-01-23 11:53:29] DB Connected successfully
[2026-01-23 11:53:30] DB Connected successfully
[2026-01-23 11:53:42] DB Connected successfully
[2026-01-23 11:56:40] DB Connected successfully
[2026-01-23 11:56:42] DB Connected successfully
[2026-01-23 11:56:49] DB Connected successfully
[2026-01-23 11:56:53] DB Connected successfully
[2026-01-23 11:57:07] DB Connected successfully
[2026-01-23 11:57:15] DB Connected successfully
[2026-01-23 11:57:23] DB Connected successfully
[2026-01-23 11:57:30] DB Connected successfully
[2026-01-23 11:57:31] DB Connected successfully
[2026-01-23 11:57:31] DB Connected successfully
[2026-01-23 11:57:33] DB Connected successfully
[2026-01-23 11:57:41] DB Connected successfully
[2026-01-23 11:58:04] DB Connected successfully
[2026-01-23 11:58:47] DB Connected successfully
[2026-01-23 11:58:52] DB Connected successfully
[2026-01-23 12:01:08] DB Connected successfully
[2026-01-23 12:01:29] DB Connected successfully
[2026-01-23 12:01:30] DB Connected successfully
[2026-01-23 12:05:52] DB Connected successfully
[2026-01-23 12:05:53] DB Connected successfully
[2026-01-23 12:06:27] DB Connected successfully
[2026-01-23 12:06:33] DB Connected successfully
[2026-01-23 12:06:34] DB Connected successfully
[2026-01-23 12:06:35] DB Connected successfully
[2026-01-23 12:09:32] DB Connected successfully
[2026-01-23 12:09:34] DB Connected successfully
[2026-01-23 12:09:49] DB Connected successfully
[2026-01-23 12:10:00] DB Connected successfully
[2026-01-23 12:10:05] DB Connected successfully
[2026-01-23 12:10:14] DB Connected successfully
[2026-01-23 12:10:18] DB Connected successfully
[2026-01-23 12:10:19] DB Connected successfully
[2026-01-23 12:10:35] DB Connected successfully
[2026-01-23 12:10:37] DB Connected successfully
[2026-01-23 12:11:21] DB Connected successfully
[2026-01-23 12:11:51] DB Connected successfully
[2026-01-23 12:11:52] DB Connected successfully
[2026-01-23 12:12:22] DB Connected successfully
[2026-01-23 12:17:25] DB Connected successfully
[2026-01-23 12:20:25] DB Connected successfully
[2026-01-23 12:24:17] DB Connected successfully
[2026-01-23 12:29:13] DB Connected successfully
[2026-01-23 12:29:18] DB Connected successfully
[2026-01-23 12:32:34] DB Connected successfully
[2026-01-23 12:32:34] DB Connected successfully
[2026-01-23 12:32:45] DB Connected successfully
[2026-01-23 12:32:49] DB Connected successfully
[2026-01-23 12:32:53] DB Connected successfully
[2026-01-23 12:33:58] DB Connected successfully
[2026-01-23 12:37:28] DB Connected successfully
[2026-01-23 12:37:55] DB Connected successfully
[2026-01-23 12:38:45] DB Connected successfully
[2026-01-23 12:39:14] DB Connected successfully
[2026-01-23 12:40:33] DB Connected successfully
[2026-01-23 12:41:38] DB Connected successfully
[2026-01-23 12:42:15] DB Connected successfully
[2026-01-23 12:42:56] DB Connected successfully
[2026-01-23 12:43:21] DB Connected successfully
[2026-01-23 12:45:24] DB Connected successfully
[2026-01-23 12:45:24] DB Connected successfully
[2026-01-23 12:47:02] DB Connected successfully
[2026-01-23 12:48:32] DB Connected successfully
[2026-01-23 12:49:26] DB Connected successfully
[2026-01-23 12:50:32] DB Connected successfully
[2026-01-23 12:50:32] DB Connected successfully
[2026-01-23 12:50:47] DB Connected successfully
[2026-01-23 12:50:47] DB Connected successfully
[2026-01-23 12:50:58] DB Connected successfully
[2026-01-23 12:50:58] DB Connected successfully
[2026-01-23 12:51:17] DB Connected successfully
[2026-01-23 12:51:17] DB Connected successfully
[2026-01-23 12:51:50] DB Connected successfully
[2026-01-23 12:51:50] DB Connected successfully
[2026-01-23 12:53:08] DB Connected successfully
[2026-01-23 12:53:08] DB Connected successfully
[2026-01-23 12:53:21] DB Connected successfully
[2026-01-23 12:53:21] DB Connected successfully
[2026-01-23 12:53:39] DB Connected successfully
[2026-01-23 12:54:12] DB Connected successfully
[2026-01-23 12:56:40] DB Connected successfully
[2026-01-23 12:56:48] DB Connected successfully
[2026-01-23 12:56:48] DB Connected successfully
[2026-01-23 12:56:56] DB Connected successfully
[2026-01-23 12:56:56] DB Connected successfully
[2026-01-23 12:57:25] DB Connected successfully
[2026-01-23 12:57:25] DB Connected successfully
[2026-01-23 12:57:31] DB Connected successfully
[2026-01-23 12:57:31] DB Connected successfully
[2026-01-23 13:03:44] DB Connected successfully
[2026-01-23 13:04:06] DB Connected successfully
[2026-01-23 13:04:06] DB Connected successfully
[2026-01-23 13:04:20] DB Connected successfully
[2026-01-23 13:04:20] DB Connected successfully
[2026-01-23 13:04:43] DB Connected successfully
[2026-01-23 13:06:20] DB Connected successfully
[2026-01-24 08:59:00] DB Connected successfully
[2026-01-24 08:59:02] DB Connected successfully
[2026-01-24 08:59:07] DB Connected successfully
[2026-01-24 08:59:28] DB Connected successfully
[2026-01-24 08:59:37] DB Connected successfully
[2026-01-24 08:59:44] DB Connected successfully
[2026-01-24 08:59:45] DB Connected successfully
[2026-01-24 08:59:49] DB Connected successfully
[2026-01-24 09:00:57] DB Connected successfully
[2026-01-24 09:01:00] DB Connected successfully
[2026-01-24 09:01:08] DB Connected successfully
[2026-01-24 09:01:08] DB Connected successfully
[2026-01-24 09:01:16] DB Connected successfully
[2026-01-24 09:03:39] DB Connected successfully
[2026-01-24 09:05:53] DB Connected successfully
[2026-01-24 09:06:20] DB Connected successfully
[2026-01-24 09:08:46] DB Connected successfully
[2026-01-24 09:09:43] DB Connected successfully
[2026-01-24 09:09:45] DB Connected successfully
[2026-01-24 09:09:45] DB Connected successfully
[2026-01-24 09:09:47] DB Connected successfully
[2026-01-24 09:09:51] DB Connected successfully
[2026-01-24 09:09:53] DB Connected successfully
[2026-01-24 09:10:40] DB Connected successfully
[2026-01-24 09:11:55] DB Connected successfully
[2026-01-24 09:33:24] DB Connected successfully
[2026-01-24 09:34:24] DB Connected successfully
[2026-01-24 09:49:43] DB Connected successfully
[2026-01-24 09:57:13] DB Connected successfully
[2026-01-24 09:58:01] DB Connected successfully
[2026-01-24 10:15:41] DB Connected successfully
[2026-01-24 10:49:53] DB Connected successfully
[2026-01-24 10:49:57] DB Connected successfully
[2026-01-24 10:50:35] DB Connected successfully
[2026-01-24 11:06:27] DB Connected successfully
[2026-01-24 11:28:19] DB Connected successfully
[2026-01-24 11:37:45] DB Connected successfully
[2026-01-24 11:56:13] DB Connected successfully
[2026-01-24 12:49:56] DB Connected successfully
[2026-01-24 12:49:58] DB Connected successfully
[2026-01-24 12:49:58] DB Connected successfully
[2026-01-24 12:56:49] DB Connected successfully
[2026-01-24 14:16:06] DB Connected successfully
[2026-01-24 14:47:20] DB Connected successfully
[2026-01-24 14:54:45] DB Connected successfully
[2026-01-24 14:58:59] DB Connected successfully
[2026-01-24 15:00:01] DB Connected successfully
[2026-01-24 15:07:43] DB Connected successfully
[2026-01-24 15:08:12] DB Connected successfully
[2026-01-24 15:08:15] DB Connected successfully
[2026-01-24 15:08:49] DB Connected successfully
[2026-01-24 15:08:49] DB Connected successfully
[2026-01-24 16:27:31] DB Connected successfully
[2026-01-24 16:27:31] DB Connected successfully
[2026-01-24 16:27:35] DB Connected successfully
[2026-01-24 16:27:46] DB Connected successfully
[2026-01-24 16:27:58] DB Connected successfully
[2026-01-24 16:28:04] DB Connected successfully
[2026-01-24 16:28:04] DB Connected successfully
[2026-01-24 16:28:07] DB Connected successfully
[2026-01-24 16:28:10] DB Connected successfully
[2026-01-24 16:28:34] DB Connected successfully
[2026-01-24 16:28:34] DB Connected successfully
[2026-01-24 16:28:51] DB Connected successfully
[2026-01-24 16:28:51] DB Connected successfully
[2026-01-24 16:29:01] DB Connected successfully
[2026-01-24 16:29:01] DB Connected successfully
[2026-01-24 16:29:23] DB Connected successfully
[2026-01-24 16:29:23] DB Connected successfully
[2026-01-24 16:29:33] DB Connected successfully
[2026-01-24 16:29:33] DB Connected successfully
[2026-01-24 16:36:39] DB Connected successfully
[2026-01-24 16:36:39] DB Connected successfully
[2026-01-24 16:37:02] DB Connected successfully
[2026-01-24 16:37:02] DB Connected successfully
[2026-01-24 16:37:17] DB Connected successfully
[2026-01-24 16:37:17] DB Connected successfully
[2026-01-24 16:38:16] DB Connected successfully
[2026-01-24 16:38:16] DB Connected successfully
[2026-01-24 16:38:47] DB Connected successfully
[2026-01-24 16:39:25] DB Connection FAILED: SQLSTATE[HY000] [2002] No connection could be made because the target machine actively refused it
[2026-01-24 16:39:27] DB Connection FAILED: SQLSTATE[HY000] [2002] No connection could be made because the target machine actively refused it
[2026-01-24 16:39:30] DB Connection FAILED: SQLSTATE[HY000] [2002] No connection could be made because the target machine actively refused it
[2026-01-24 16:39:35] DB Connection FAILED: SQLSTATE[HY000] [2002] No connection could be made because the target machine actively refused it
[2026-01-24 16:39:53] DB Connection FAILED: SQLSTATE[HY000] [2002] No connection could be made because the target machine actively refused it
[2026-01-24 16:40:07] DB Connected successfully
[2026-01-24 16:40:09] DB Connected successfully
[2026-01-24 16:40:09] DB Connected successfully
[2026-01-24 16:40:11] DB Connected successfully
[2026-01-24 16:40:19] DB Connected successfully
[2026-01-24 16:40:24] DB Connected successfully
[2026-01-24 16:40:27] DB Connected successfully
[2026-01-24 16:41:09] DB Connected successfully
[2026-01-24 16:41:43] DB Connected successfully
[2026-01-24 16:41:59] DB Connected successfully
[2026-01-24 16:42:28] DB Connected successfully
[2026-01-24 16:50:29] DB Connected successfully
[2026-01-24 16:51:23] DB Connected successfully
[2026-01-24 16:51:31] DB Connected successfully
[2026-01-24 16:57:30] DB Connected successfully
[2026-01-24 16:57:30] DB Connected successfully
[2026-01-24 17:15:39] DB Connected successfully
[2026-01-24 17:15:45] DB Connected successfully
[2026-01-24 17:17:12] DB Connected successfully
[2026-01-24 17:17:12] DB Connected successfully
[2026-01-24 17:17:21] DB Connected successfully
[2026-01-24 17:17:27] DB Connected successfully
[2026-01-24 17:19:02] DB Connected successfully
[2026-01-24 17:20:39] DB Connected successfully
[2026-01-24 17:26:14] DB Connected successfully
[2026-01-24 17:30:10] DB Connected successfully
[2026-01-24 17:32:56] DB Connected successfully
[2026-01-24 17:32:58] DB Connected successfully
[2026-01-24 17:33:01] DB Connected successfully
[2026-01-24 17:33:03] DB Connected successfully
[2026-01-24 17:33:46] DB Connected successfully
[2026-01-24 17:33:46] DB Connected successfully
[2026-01-24 17:39:32] DB Connected successfully
[2026-01-24 17:39:34] DB Connected successfully
[2026-01-24 17:39:36] DB Connected successfully
[2026-01-24 17:39:36] DB Connected successfully
[2026-01-24 17:39:40] DB Connected successfully
[2026-01-24 17:39:46] DB Connected successfully
[2026-01-24 17:40:52] DB Connected successfully
[2026-01-24 17:40:53] DB Connected successfully
[2026-01-24 17:40:59] DB Connected successfully
[2026-01-24 17:42:07] DB Connected successfully
[2026-01-24 17:43:17] DB Connected successfully
[2026-01-24 17:43:17] DB Connected successfully
[2026-01-24 17:43:21] DB Connected successfully
[2026-01-24 17:44:04] DB Connected successfully
[2026-01-24 17:44:22] DB Connected successfully
[2026-01-24 17:44:27] DB Connected successfully
[2026-01-24 17:44:28] DB Connected successfully
[2026-01-24 17:44:33] DB Connected successfully
[2026-01-24 17:44:35] DB Connected successfully
[2026-01-24 17:44:37] DB Connected successfully
[2026-01-24 17:44:52] DB Connected successfully
[2026-01-24 17:44:52] DB Connected successfully
[2026-01-24 17:44:55] DB Connected successfully
[2026-01-24 17:46:55] DB Connected successfully
[2026-01-24 18:01:59] DB Connected successfully
[2026-01-24 18:02:02] DB Connected successfully
[2026-01-24 18:02:04] DB Connected successfully
[2026-01-24 18:06:31] DB Connected successfully
[2026-01-24 18:06:34] DB Connected successfully
[2026-01-24 18:06:36] DB Connected successfully
[2026-01-24 18:07:22] DB Connected successfully
[2026-01-24 18:07:22] DB Connected successfully
[2026-01-24 18:07:26] DB Connected successfully
[2026-01-24 18:14:43] DB Connected successfully
[2026-01-24 18:14:58] DB Connected successfully
[2026-01-24 18:15:01] DB Connected successfully
[2026-01-24 18:15:09] DB Connected successfully
[2026-01-24 18:15:09] DB Connected successfully
[2026-01-24 18:15:09] DB Connected successfully
[2026-01-24 18:15:41] DB Connected successfully
[2026-01-24 18:15:44] DB Connected successfully
[2026-01-24 18:16:29] DB Connected successfully
[2026-01-24 18:16:32] DB Connected successfully
[2026-01-24 18:17:10] DB Connected successfully
[2026-01-24 18:17:12] DB Connected successfully
[2026-01-24 18:18:07] DB Connected successfully
[2026-01-24 18:18:09] DB Connected successfully
[2026-01-24 18:18:18] DB Connected successfully
[2026-01-24 18:19:19] DB Connected successfully
[2026-01-24 18:19:19] DB Connected successfully
[2026-01-24 18:19:22] DB Connected successfully
[2026-01-24 18:19:57] DB Connected successfully
[2026-01-24 18:20:23] DB Connected successfully
[2026-01-24 18:20:23] DB Connected successfully
[2026-01-24 18:20:26] DB Connected successfully
[2026-01-24 18:24:33] DB Connected successfully
[2026-01-24 18:24:38] DB Connected successfully
[2026-01-24 18:25:01] DB Connected successfully
[2026-01-24 18:25:03] DB Connected successfully
[2026-01-24 18:25:07] DB Connected successfully
[2026-01-24 18:25:12] DB Connected successfully
[2026-01-24 18:25:29] DB Connected successfully
[2026-01-24 18:25:30] DB Connected successfully
[2026-01-24 18:25:37] DB Connected successfully
[2026-01-24 18:25:40] DB Connected successfully
[2026-01-24 18:25:59] DB Connected successfully
[2026-01-24 18:25:59] DB Connected successfully
[2026-01-24 18:41:45] DB Connected successfully
[2026-01-24 18:41:48] DB Connected successfully
[2026-01-24 19:17:49] DB Connected successfully
[2026-01-24 19:17:53] DB Connected successfully
[2026-01-24 19:17:57] DB Connected successfully
[2026-01-24 19:18:00] DB Connected successfully
[2026-01-24 19:18:13] DB Connected successfully
[2026-01-24 19:18:13] DB Connected successfully
[2026-01-24 19:18:24] DB Connected successfully
[2026-01-24 19:18:31] DB Connected successfully
[2026-01-24 19:18:36] DB Connected successfully
[2026-01-24 19:18:39] DB Connected successfully
[2026-01-24 19:20:23] DB Connected successfully
[2026-01-24 19:20:26] DB Connected successfully
[2026-01-24 19:20:48] DB Connected successfully
[2026-01-24 19:21:03] DB Connected successfully
[2026-01-24 19:21:03] DB Connected successfully
[2026-01-24 19:21:11] DB Connected successfully
[2026-01-24 19:21:27] DB Connected successfully
[2026-01-24 19:21:30] DB Connected successfully
[2026-01-24 19:21:35] DB Connected successfully
[2026-01-24 19:21:38] DB Connected successfully
[2026-01-24 19:22:18] DB Connected successfully
[2026-01-24 19:22:18] DB Connected successfully
[2026-01-24 19:24:09] DB Connected successfully
[2026-01-24 19:24:13] DB Connected successfully
[2026-01-24 19:24:28] DB Connected successfully
[2026-01-24 19:24:28] DB Connected successfully
[2026-01-24 19:29:06] DB Connected successfully
[2026-01-24 19:29:10] DB Connected successfully
[2026-01-24 19:29:12] DB Connected successfully
[2026-01-24 19:29:25] DB Connected successfully
[2026-01-24 19:29:25] DB Connected successfully
[2026-01-24 19:29:38] DB Connected successfully
[2026-01-24 19:29:57] DB Connected successfully
[2026-01-24 19:30:15] DB Connected successfully
[2026-01-24 19:30:17] DB Connected successfully
[2026-01-24 19:30:21] DB Connected successfully
[2026-01-24 19:30:24] DB Connected successfully
[2026-01-24 19:30:29] DB Connected successfully
[2026-01-24 19:30:29] DB Connected successfully
[2026-01-24 19:30:31] DB Connected successfully
[2026-01-24 19:30:34] DB Connected successfully
[2026-01-24 19:30:34] DB Connected successfully
[2026-01-24 19:33:13] DB Connected successfully
[2026-01-24 19:33:13] DB Connected successfully
[2026-01-24 19:33:18] DB Connected successfully
[2026-01-24 19:34:17] DB Connected successfully
[2026-01-24 19:34:36] DB Connected successfully
[2026-01-24 19:34:37] DB Connected successfully
[2026-01-24 19:34:40] DB Connected successfully
[2026-01-24 19:38:58] DB Connected successfully
[2026-01-24 19:43:27] DB Connected successfully
[2026-01-24 19:43:27] DB Connected successfully
[2026-01-24 19:43:31] DB Connected successfully
[2026-01-24 19:43:33] DB Connected successfully
[2026-01-24 19:43:56] DB Connected successfully
[2026-01-24 19:43:56] DB Connected successfully
[2026-01-24 19:44:00] DB Connected successfully
[2026-01-24 19:46:50] DB Connected successfully
[2026-01-24 19:46:54] DB Connected successfully
[2026-01-24 19:47:00] DB Connected successfully
[2026-01-24 19:47:55] DB Connected successfully
[2026-01-24 19:47:55] DB Connected successfully
[2026-01-24 19:48:03] DB Connected successfully
[2026-01-24 19:48:32] DB Connected successfully
[2026-01-24 19:49:06] DB Connected successfully
[2026-01-24 19:49:06] DB Connected successfully
[2026-01-24 19:49:09] DB Connected successfully
[2026-01-24 19:49:19] DB Connected successfully
[2026-01-24 19:49:47] DB Connected successfully
[2026-01-24 19:49:47] DB Connected successfully
[2026-01-24 19:49:50] DB Connected successfully
[2026-01-24 20:15:16] DB Connected successfully
[2026-01-24 20:15:22] DB Connected successfully
[2026-01-24 20:15:37] DB Connected successfully
[2026-01-24 20:15:40] DB Connected successfully
[2026-01-24 20:15:57] DB Connected successfully
[2026-01-24 20:16:13] DB Connected successfully
[2026-01-24 20:16:17] DB Connected successfully
[2026-01-24 20:16:35] DB Connected successfully
[2026-01-24 20:16:56] DB Connected successfully
[2026-01-24 20:16:56] DB Connected successfully
[2026-01-24 20:17:02] DB Connected successfully
[2026-01-24 20:17:13] DB Connected successfully
[2026-01-24 20:17:48] DB Connected successfully
[2026-01-24 20:18:41] DB Connected successfully
[2026-01-24 20:18:41] DB Connected successfully
[2026-01-24 20:18:44] DB Connected successfully
[2026-01-24 20:18:55] DB Connected successfully
[2026-01-24 20:19:01] DB Connected successfully
[2026-01-24 20:19:20] DB Connected successfully
[2026-01-24 20:19:39] DB Connected successfully
[2026-01-24 20:19:39] DB Connected successfully
[2026-01-24 20:19:43] DB Connected successfully
[2026-01-24 20:47:15] DB Connected successfully
[2026-01-24 20:47:21] DB Connected successfully
[2026-01-24 20:47:40] DB Connected successfully
[2026-01-24 20:48:59] DB Connected successfully
[2026-01-24 20:48:59] DB Connected successfully
[2026-01-24 20:49:08] DB Connected successfully
[2026-01-24 20:49:45] DB Connected successfully
[2026-01-24 20:50:30] DB Connected successfully
[2026-01-24 20:50:30] DB Connected successfully
[2026-01-24 20:50:34] DB Connected successfully
[2026-01-24 20:51:25] DB Connected successfully
[2026-01-24 20:51:42] DB Connected successfully
[2026-01-24 20:51:44] DB Connected successfully
[2026-01-24 20:51:47] DB Connected successfully
[2026-01-24 20:51:50] DB Connected successfully
[2026-01-24 20:52:35] DB Connected successfully
[2026-01-24 20:52:37] DB Connected successfully
[2026-01-24 20:52:39] DB Connected successfully
[2026-01-24 20:52:42] DB Connected successfully
[2026-01-24 20:52:54] DB Connected successfully
[2026-01-24 20:52:55] DB Connected successfully
[2026-01-24 20:52:58] DB Connected successfully
[2026-01-24 20:53:01] DB Connected successfully
[2026-01-24 20:53:08] DB Connected successfully
[2026-01-24 20:53:10] DB Connected successfully
[2026-01-24 20:53:13] DB Connected successfully
[2026-01-24 20:53:17] DB Connected successfully
[2026-01-24 20:53:18] DB Connected successfully
[2026-01-24 20:53:21] DB Connected successfully
[2026-01-24 20:54:10] DB Connected successfully
[2026-01-24 20:55:37] DB Connected successfully
[2026-01-24 20:56:10] DB Connected successfully
[2026-01-24 20:56:13] DB Connected successfully
[2026-01-24 20:56:15] DB Connected successfully
[2026-01-24 20:56:15] DB Connected successfully
[2026-01-24 20:56:17] DB Connected successfully
[2026-01-24 20:56:21] DB Connected successfully
[2026-01-24 20:56:27] DB Connected successfully
[2026-01-24 20:56:32] DB Connected successfully
[2026-01-24 20:57:01] DB Connected successfully
[2026-01-24 20:57:05] DB Connected successfully
[2026-01-24 20:57:12] DB Connected successfully
[2026-01-24 21:07:37] DB Connection FAILED: SQLSTATE[HY000] [2002] No connection could be made because the target machine actively refused it
[2026-01-24 21:07:40] DB Connection FAILED: SQLSTATE[HY000] [2002] No connection could be made because the target machine actively refused it
[2026-01-24 21:08:23] DB Connection FAILED: SQLSTATE[HY000] [2002] No connection could be made because the target machine actively refused it
[2026-01-24 21:22:05] DB Connected successfully
[2026-01-24 21:22:16] DB Connected successfully
[2026-01-24 21:22:19] DB Connected successfully
[2026-01-24 21:22:23] DB Connected successfully
[2026-01-24 21:22:30] DB Connected successfully
[2026-01-24 21:22:33] DB Connected successfully
[2026-01-24 21:43:28] DB Connected successfully
[2026-01-24 21:46:40] DB Connected successfully
[2026-01-24 21:47:15] DB Connected successfully
[2026-01-24 21:47:38] DB Connected successfully
[2026-01-24 21:49:25] DB Connected successfully
[2026-01-24 21:49:31] DB Connected successfully
[2026-01-24 21:49:36] DB Connected successfully
[2026-01-24 21:49:41] DB Connected successfully
[2026-01-24 21:49:48] DB Connected successfully
[2026-01-24 21:49:58] DB Connected successfully
[2026-01-24 21:50:01] DB Connected successfully
[2026-01-24 21:50:07] DB Connected successfully
[2026-01-24 21:52:51] DB Connected successfully
[2026-01-24 21:52:59] DB Connected successfully
[2026-01-24 21:55:11] DB Connected successfully
[2026-01-24 21:56:42] DB Connected successfully
[2026-01-24 21:56:55] DB Connected successfully
[2026-01-24 21:57:22] DB Connected successfully
[2026-01-24 21:57:31] DB Connected successfully
[2026-01-24 21:58:12] DB Connected successfully
[2026-01-24 21:58:32] DB Connected successfully
[2026-01-24 21:58:38] DB Connected successfully
[2026-01-24 21:58:44] DB Connected successfully
[2026-01-24 21:58:53] DB Connected successfully
[2026-01-24 22:05:36] DB Connected successfully
[2026-01-24 22:07:38] DB Connected successfully
[2026-01-24 22:08:15] DB Connected successfully
[2026-01-24 22:09:38] DB Connected successfully
[2026-01-24 22:09:40] DB Connected successfully
[2026-01-24 22:12:08] DB Connected successfully
[2026-01-24 22:12:27] DB Connected successfully
[2026-01-24 22:12:33] DB Connected successfully
[2026-01-24 22:12:42] DB Connected successfully
[2026-01-24 22:12:52] DB Connected successfully
[2026-01-24 22:13:17] DB Connected successfully
[2026-01-24 22:35:20] DB Connected successfully
[2026-01-24 22:35:22] DB Connected successfully
[2026-01-24 22:35:24] DB Connected successfully
[2026-01-24 22:36:22] DB Connected successfully
[2026-01-24 22:36:22] DB Connected successfully
[2026-01-24 22:37:42] DB Connected successfully
[2026-01-24 22:37:55] DB Connected successfully
[2026-01-24 22:37:58] DB Connected successfully
[2026-01-24 22:38:10] DB Connected successfully
[2026-01-24 22:38:20] DB Connected successfully
[2026-01-24 22:38:21] DB Connected successfully
[2026-01-24 22:38:55] DB Connected successfully
[2026-01-24 22:38:59] DB Connected successfully
[2026-01-24 22:39:16] DB Connected successfully
[2026-01-24 22:40:44] DB Connected successfully
[2026-01-24 22:41:00] DB Connected successfully
[2026-01-24 22:41:00] DB Connected successfully
[2026-01-24 22:42:16] DB Connected successfully
[2026-01-24 22:42:54] DB Connected successfully
[2026-01-24 22:53:59] DB Connected successfully
[2026-01-24 22:54:24] DB Connected successfully
[2026-01-24 22:54:24] DB Connected successfully
[2026-01-24 22:54:38] DB Connected successfully
[2026-01-24 22:54:38] DB Connected successfully
[2026-01-24 22:54:47] DB Connected successfully
[2026-01-24 22:55:03] DB Connected successfully
[2026-01-24 22:55:04] DB Connected successfully
[2026-01-24 22:55:09] DB Connected successfully
[2026-01-24 22:55:16] DB Connected successfully
[2026-01-24 22:55:21] DB Connected successfully
[2026-01-24 23:24:01] DB Connected successfully
[2026-01-24 23:24:05] DB Connected successfully
[2026-01-24 23:26:31] DB Connected successfully
[2026-01-24 23:28:55] DB Connected successfully
[2026-01-24 23:29:44] DB Connected successfully
[2026-01-24 23:31:07] DB Connected successfully
[2026-01-24 23:31:12] DB Connected successfully
[2026-01-24 23:32:13] DB Connected successfully
[2026-01-24 23:32:14] DB Connected successfully
[2026-01-24 23:32:30] DB Connected successfully
[2026-01-24 23:35:34] DB Connected successfully
[2026-01-24 23:35:37] DB Connected successfully
[2026-01-24 23:35:53] DB Connected successfully
[2026-01-24 23:35:58] DB Connected successfully
[2026-01-24 23:35:59] DB Connected successfully
[2026-01-24 23:36:10] DB Connected successfully
[2026-01-24 23:36:13] DB Connected successfully
[2026-01-24 23:36:27] DB Connected successfully
[2026-01-24 23:36:30] DB Connected successfully
[2026-01-24 23:36:33] DB Connected successfully
[2026-01-24 23:36:42] DB Connected successfully
[2026-01-24 23:37:08] DB Connected successfully
[2026-01-24 23:38:38] DB Connected successfully
[2026-01-24 23:38:38] DB Connected successfully
[2026-01-24 23:38:42] DB Connected successfully
[2026-01-24 23:38:48] DB Connected successfully
[2026-01-24 23:39:20] DB Connected successfully
[2026-01-24 23:39:20] DB Connected successfully
[2026-01-24 23:39:31] DB Connected successfully
[2026-01-24 23:39:31] DB Connected successfully
[2026-01-24 23:39:41] DB Connected successfully
[2026-01-24 23:39:42] DB Connected successfully
[2026-01-24 23:39:44] DB Connected successfully
[2026-01-24 23:42:42] DB Connected successfully
[2026-01-24 23:43:16] DB Connected successfully
[2026-01-24 23:43:41] DB Connected successfully
[2026-01-24 23:45:25] DB Connected successfully
[2026-01-24 23:47:28] DB Connected successfully
[2026-01-24 23:48:00] DB Connected successfully
[2026-01-24 23:51:29] DB Connected successfully
[2026-01-24 23:54:41] DB Connected successfully
[2026-01-24 23:54:50] DB Connected successfully
[2026-01-25 00:04:29] DB Connected successfully
[2026-01-25 00:04:33] DB Connected successfully
[2026-01-25 00:10:05] DB Connected successfully
[2026-01-25 00:10:17] DB Connected successfully
[2026-01-25 00:11:10] DB Connected successfully
[2026-01-25 00:18:44] DB Connected successfully
[2026-01-25 00:23:59] DB Connected successfully
[2026-01-25 00:27:11] DB Connected successfully
[2026-01-25 09:23:41] DB Connected successfully
[2026-01-25 09:23:45] DB Connected successfully
[2026-01-25 09:23:45] DB Connected successfully
[2026-01-25 11:18:34] DB Connected successfully
[2026-01-25 11:54:20] DB Connected successfully
[2026-01-25 12:25:12] DB Connected successfully
[2026-01-25 12:40:59] DB Connected successfully
[2026-01-25 13:36:37] DB Connected successfully
[2026-01-25 15:43:30] DB Connected successfully
[2026-01-27 02:12:54] DB Connected successfully
[2026-01-27 02:12:57] DB Connected successfully
[2026-01-27 02:12:57] DB Connected successfully
[2026-01-27 02:13:03] DB Connected successfully
[2026-01-27 02:13:56] DB Connected successfully
[2026-01-27 02:14:05] DB Connected successfully
[2026-01-27 02:18:12] DB Connected successfully
[2026-01-27 02:18:18] DB Connected successfully
[2026-01-27 02:18:29] DB Connected successfully
[2026-01-27 02:19:07] DB Connected successfully
[2026-01-27 02:19:27] DB Connected successfully
[2026-01-27 02:19:50] DB Connected successfully
[2026-01-27 02:20:14] DB Connected successfully
[2026-01-27 02:20:23] DB Connected successfully
[2026-01-27 02:20:49] DB Connected successfully
[2026-01-27 02:20:52] DB Connected successfully
[2026-01-27 02:20:53] DB Connected successfully
[2026-01-27 02:21:10] DB Connected successfully
[2026-01-27 02:21:14] DB Connected successfully
[2026-01-27 02:21:21] DB Connected successfully
[2026-01-27 02:22:35] DB Connected successfully
[2026-01-27 02:22:36] DB Connected successfully
[2026-01-27 02:23:06] DB Connected successfully
[2026-01-27 02:23:18] DB Connected successfully
[2026-01-27 02:23:18] DB Connected successfully
[2026-01-27 02:23:52] DB Connected successfully
[2026-01-27 02:24:13] DB Connected successfully
[2026-01-27 02:24:33] DB Connected successfully
[2026-01-27 02:24:54] DB Connected successfully
[2026-01-27 02:25:09] DB Connected successfully
[2026-01-27 02:25:09] DB Connected successfully
[2026-01-27 02:25:11] DB Connected successfully
[2026-01-27 02:25:23] DB Connected successfully
[2026-01-27 02:25:25] DB Connected successfully
[2026-01-27 02:26:14] DB Connected successfully
[2026-01-27 02:26:14] DB Connected successfully
[2026-01-27 02:26:18] DB Connected successfully
[2026-01-27 02:26:18] DB Connected successfully
[2026-01-27 02:26:33] DB Connected successfully
[2026-01-27 02:26:34] DB Connected successfully
[2026-01-27 02:26:35] DB Connected successfully
[2026-01-27 02:26:38] DB Connected successfully
[2026-01-27 02:26:39] DB Connected successfully
[2026-01-27 02:26:45] DB Connected successfully
[2026-01-27 02:27:53] DB Connected successfully
[2026-01-27 02:30:31] DB Connected successfully
[2026-01-27 02:30:32] DB Connected successfully
[2026-01-27 02:30:40] DB Connected successfully
[2026-01-27 02:30:42] DB Connected successfully
[2026-01-27 02:31:00] DB Connected successfully
[2026-01-27 02:31:28] DB Connected successfully
[2026-01-27 02:31:32] DB Connected successfully
[2026-01-27 02:31:42] DB Connected successfully
[2026-01-27 02:31:48] DB Connected successfully
[2026-01-27 02:31:53] DB Connected successfully
[2026-01-27 02:31:58] DB Connected successfully
[2026-01-27 02:32:39] DB Connected successfully
[2026-01-27 02:32:39] DB Connected successfully
[2026-01-27 02:32:45] DB Connected successfully
[2026-01-27 02:32:46] DB Connected successfully
[2026-01-27 02:32:55] DB Connected successfully
[2026-01-27 02:32:58] DB Connected successfully
[2026-01-27 02:32:58] DB Connected successfully
[2026-01-27 02:33:00] DB Connected successfully
[2026-01-27 02:33:14] DB Connected successfully
[2026-01-27 02:33:17] DB Connected successfully
[2026-01-27 02:33:20] DB Connected successfully
[2026-01-27 02:33:43] DB Connected successfully
[2026-01-27 02:33:44] DB Connected successfully
[2026-01-27 02:33:48] DB Connected successfully
[2026-01-27 02:34:10] DB Connected successfully
[2026-01-27 02:34:24] DB Connected successfully
[2026-01-27 02:34:49] DB Connected successfully
[2026-01-27 02:34:50] DB Connected successfully
[2026-01-27 02:34:57] DB Connected successfully
[2026-01-27 02:34:59] DB Connected successfully
[2026-01-27 02:35:41] DB Connected successfully
[2026-01-27 02:35:41] DB Connected successfully
[2026-01-27 02:35:44] DB Connected successfully
[2026-01-27 02:36:01] DB Connected successfully
[2026-01-27 02:36:29] DB Connected successfully
[2026-01-27 02:36:30] DB Connected successfully
[2026-01-27 02:36:33] DB Connected successfully
[2026-01-27 02:37:21] DB Connected successfully
[2026-01-27 02:38:38] DB Connected successfully
[2026-01-27 02:38:48] DB Connected successfully
[2026-01-27 02:38:55] DB Connected successfully
[2026-01-27 02:38:57] DB Connected successfully
[2026-01-27 02:38:58] DB Connected successfully
[2026-01-27 02:39:51] DB Connected successfully
[2026-01-27 02:41:42] DB Connected successfully
[2026-01-27 02:41:45] DB Connected successfully
[2026-01-27 02:41:47] DB Connected successfully
[2026-01-27 02:42:08] DB Connected successfully
[2026-01-27 02:45:54] DB Connected successfully
[2026-01-27 02:45:54] DB Connected successfully
[2026-01-27 02:46:04] DB Connected successfully
[2026-01-27 02:46:09] DB Connected successfully
[2026-01-27 02:46:32] DB Connected successfully
[2026-01-27 02:46:32] DB Connected successfully
[2026-01-27 02:46:35] DB Connected successfully
[2026-01-27 02:46:38] DB Connected successfully
[2026-01-27 02:47:13] DB Connected successfully
[2026-01-27 02:47:13] DB Connected successfully
[2026-01-27 02:47:22] DB Connected successfully
[2026-01-27 02:48:18] DB Connected successfully
[2026-01-27 02:48:58] DB Connected successfully
[2026-01-27 02:49:34] DB Connected successfully
[2026-01-27 02:49:34] DB Connected successfully
[2026-01-27 02:49:38] DB Connected successfully
[2026-01-27 02:49:38] DB Connected successfully
[2026-01-27 02:49:47] DB Connected successfully
[2026-01-27 02:49:48] DB Connected successfully
[2026-01-27 02:49:58] DB Connected successfully
[2026-01-27 02:50:04] DB Connected successfully
[2026-01-27 02:50:10] DB Connected successfully
[2026-01-27 02:53:46] DB Connected successfully
[2026-01-27 02:53:57] DB Connected successfully
[2026-01-27 02:54:17] DB Connected successfully
[2026-01-27 02:54:31] DB Connected successfully
[2026-01-27 02:54:31] DB Connected successfully
[2026-01-27 02:54:56] DB Connected successfully
[2026-01-27 02:55:40] DB Connected successfully
[2026-01-27 02:55:41] DB Connected successfully
[2026-01-27 02:56:09] DB Connected successfully
[2026-01-27 02:56:23] DB Connected successfully
[2026-01-27 02:56:31] DB Connected successfully
[2026-01-27 02:57:09] DB Connected successfully
[2026-01-27 02:57:10] DB Connected successfully
[2026-01-27 02:59:38] DB Connected successfully
[2026-01-27 02:59:39] DB Connected successfully
[2026-01-27 02:59:59] DB Connected successfully
[2026-01-27 03:00:05] DB Connected successfully
[2026-01-27 03:00:12] DB Connected successfully
[2026-01-27 03:00:37] DB Connected successfully
[2026-01-27 03:00:56] DB Connected successfully
[2026-01-27 03:01:08] DB Connected successfully
[2026-01-27 03:01:08] DB Connected successfully
[2026-01-27 03:01:21] DB Connected successfully
[2026-01-27 03:02:44] DB Connected successfully
[2026-01-27 03:05:18] DB Connected successfully
[2026-01-27 03:06:47] DB Connected successfully
[2026-01-27 03:06:52] DB Connected successfully
[2026-01-27 03:06:53] DB Connected successfully
[2026-01-27 03:06:54] DB Connected successfully
[2026-01-27 03:06:54] DB Connected successfully
[2026-01-27 03:07:07] DB Connected successfully
[2026-01-27 03:07:07] DB Connected successfully
[2026-01-27 03:07:55] DB Connected successfully
[2026-01-27 03:08:11] DB Connected successfully
[2026-01-27 03:08:33] DB Connected successfully
[2026-01-27 03:08:45] DB Connected successfully
[2026-01-27 03:09:51] DB Connected successfully
[2026-01-27 03:10:22] DB Connected successfully
[2026-01-27 03:10:41] DB Connected successfully
[2026-01-27 03:10:56] DB Connected successfully
[2026-01-27 03:11:00] DB Connected successfully
[2026-01-27 03:11:43] DB Connected successfully
[2026-01-27 03:11:48] DB Connected successfully
[2026-01-27 03:11:48] DB Connected successfully
[2026-01-27 03:11:53] DB Connected successfully
[2026-01-27 03:11:53] DB Connected successfully
[2026-01-27 03:13:18] DB Connected successfully
[2026-01-27 03:17:52] DB Connected successfully
[2026-01-27 03:17:55] DB Connected successfully
[2026-01-27 03:17:58] DB Connected successfully
[2026-01-27 03:18:16] DB Connected successfully
[2026-01-27 03:18:17] DB Connected successfully
[2026-01-27 03:18:27] DB Connected successfully
[2026-01-27 03:32:01] DB Connected successfully
[2026-01-27 03:32:02] DB Connected successfully
[2026-01-27 03:32:50] DB Connected successfully
[2026-01-27 03:32:54] DB Connected successfully
[2026-01-27 03:33:03] DB Connected successfully
[2026-01-27 03:33:29] DB Connected successfully
[2026-01-27 03:33:34] DB Connected successfully
[2026-01-27 03:33:36] DB Connected successfully
[2026-01-27 03:33:54] DB Connected successfully
[2026-01-27 03:33:54] DB Connected successfully
[2026-01-27 03:34:06] DB Connected successfully
[2026-01-27 03:34:11] DB Connected successfully
[2026-01-27 03:34:18] DB Connected successfully
[2026-01-27 03:34:24] DB Connected successfully
[2026-01-27 03:34:47] DB Connected successfully
[2026-01-27 03:35:19] DB Connected successfully
[2026-01-27 03:35:20] DB Connected successfully
[2026-01-27 03:35:30] DB Connected successfully
[2026-01-27 03:35:42] DB Connected successfully
[2026-01-27 03:35:42] DB Connected successfully
[2026-01-27 03:36:23] DB Connected successfully
[2026-01-27 03:42:54] DB Connected successfully
[2026-01-27 03:43:24] DB Connected successfully
[2026-01-27 03:44:10] DB Connected successfully
[2026-01-27 03:44:13] DB Connected successfully
[2026-01-27 03:44:41] DB Connected successfully
[2026-01-27 03:44:41] DB Connected successfully
[2026-01-27 03:44:53] DB Connected successfully
[2026-01-27 03:44:58] DB Connected successfully
[2026-01-27 03:46:24] DB Connected successfully
[2026-01-27 03:46:24] DB Connected successfully
[2026-01-27 03:46:29] DB Connected successfully
[2026-01-27 03:49:42] DB Connected successfully
[2026-01-27 03:50:09] DB Connected successfully
[2026-01-27 03:50:09] DB Connected successfully
[2026-01-27 03:50:14] DB Connected successfully
[2026-01-27 03:50:55] DB Connected successfully
[2026-01-27 03:51:12] DB Connected successfully
[2026-01-27 03:51:12] DB Connected successfully
[2026-01-27 03:51:16] DB Connected successfully
[2026-01-27 03:53:16] DB Connected successfully
[2026-01-27 03:53:42] DB Connected successfully
[2026-01-27 03:53:50] DB Connected successfully
[2026-01-27 03:53:52] DB Connected successfully
[2026-01-27 03:54:05] DB Connected successfully
[2026-01-27 03:54:05] DB Connected successfully
[2026-01-27 03:54:09] DB Connected successfully
[2026-01-27 03:54:59] DB Connected successfully
[2026-01-27 03:55:04] DB Connected successfully
[2026-01-27 03:56:21] DB Connected successfully
[2026-01-27 04:00:44] DB Connected successfully
[2026-01-27 04:00:46] DB Connected successfully
[2026-01-27 04:01:15] DB Connected successfully
[2026-01-27 04:01:15] DB Connected successfully
[2026-01-27 04:01:19] DB Connected successfully
[2026-01-27 04:01:19] DB Connected successfully
[2026-01-27 04:02:06] DB Connected successfully
[2026-01-27 04:02:07] DB Connected successfully
[2026-01-27 04:02:12] DB Connected successfully
[2026-01-27 04:02:12] DB Connected successfully
[2026-01-27 04:02:46] DB Connected successfully
[2026-01-27 04:02:49] DB Connected successfully
[2026-01-27 04:02:51] DB Connected successfully
[2026-01-27 04:02:53] DB Connected successfully
[2026-01-27 04:02:56] DB Connected successfully
[2026-01-27 04:03:07] DB Connected successfully
[2026-01-27 04:03:10] DB Connected successfully
[2026-01-27 04:03:21] DB Connected successfully
[2026-01-27 04:04:34] DB Connected successfully
[2026-01-27 04:05:53] DB Connected successfully
[2026-01-27 04:05:53] DB Connected successfully
[2026-01-27 04:05:57] DB Connected successfully
[2026-01-27 04:16:09] DB Connected successfully
[2026-01-27 04:16:13] DB Connected successfully
[2026-01-27 04:16:19] DB Connected successfully
[2026-01-27 04:16:59] DB Connected successfully
[2026-01-27 04:16:59] DB Connected successfully
[2026-01-27 04:17:06] DB Connected successfully
[2026-01-27 04:17:06] DB Connected successfully
[2026-01-27 04:18:38] DB Connected successfully
[2026-01-27 04:18:52] DB Connected successfully
[2026-01-27 04:18:55] DB Connected successfully
[2026-01-27 04:18:58] DB Connected successfully
[2026-01-27 04:26:39] DB Connected successfully
[2026-01-27 04:26:46] DB Connected successfully
[2026-01-27 04:27:10] DB Connected successfully
[2026-01-27 04:27:11] DB Connected successfully
[2026-01-27 04:27:33] DB Connected successfully
[2026-01-27 04:27:38] DB Connected successfully
[2026-01-27 04:28:06] DB Connected successfully
[2026-01-27 04:29:23] DB Connected successfully
[2026-01-27 04:29:38] DB Connected successfully
[2026-01-27 04:30:07] DB Connected successfully
[2026-01-27 04:33:22] DB Connected successfully
[2026-01-27 04:33:30] DB Connected successfully
[2026-01-27 04:34:12] DB Connected successfully
[2026-01-27 04:34:12] DB Connected successfully
[2026-01-27 04:34:18] DB Connected successfully
[2026-01-27 04:34:18] DB Connected successfully
[2026-01-27 04:34:38] DB Connected successfully
[2026-01-27 04:34:44] DB Connected successfully
[2026-01-27 04:34:48] DB Connected successfully
[2026-01-27 04:35:07] DB Connected successfully
[2026-01-27 04:35:42] DB Connected successfully
[2026-01-27 04:36:31] DB Connected successfully
[2026-01-27 04:36:35] DB Connected successfully
[2026-01-27 04:36:38] DB Connected successfully
[2026-01-27 04:36:45] DB Connected successfully
[2026-01-27 04:37:37] DB Connected successfully
[2026-01-27 04:37:39] DB Connected successfully
[2026-01-27 04:37:39] DB Connected successfully
[2026-01-27 04:37:43] DB Connected successfully
[2026-01-27 04:37:43] DB Connected successfully
[2026-01-27 04:41:10] DB Connected successfully
[2026-01-27 04:41:22] DB Connected successfully
[2026-01-27 04:41:53] DB Connected successfully
[2026-01-27 04:41:54] DB Connected successfully
[2026-01-27 04:41:57] DB Connected successfully
[2026-01-27 04:41:57] DB Connected successfully
[2026-01-27 04:43:23] DB Connected successfully
[2026-01-27 04:43:24] DB Connected successfully
[2026-01-27 04:43:29] DB Connected successfully
[2026-01-27 04:44:10] DB Connected successfully
[2026-01-27 04:44:59] DB Connected successfully
[2026-01-27 04:44:59] DB Connected successfully
[2026-01-27 04:45:04] DB Connected successfully
[2026-01-27 04:45:12] DB Connected successfully
[2026-01-27 04:45:15] DB Connected successfully
[2026-01-27 04:45:18] DB Connected successfully
[2026-01-27 04:45:32] DB Connected successfully
[2026-01-27 04:45:33] DB Connected successfully
[2026-01-27 04:45:37] DB Connected successfully
[2026-01-27 04:48:27] DB Connected successfully
[2026-01-27 04:51:02] DB Connected successfully
[2026-01-27 04:51:05] DB Connected successfully
[2026-01-27 04:51:09] DB Connected successfully
[2026-01-27 04:51:59] DB Connected successfully
[2026-01-27 04:52:07] DB Connected successfully
[2026-01-27 04:52:16] DB Connected successfully
[2026-01-27 04:52:21] DB Connected successfully
[2026-01-27 04:52:23] DB Connected successfully
[2026-01-27 04:52:43] DB Connected successfully
[2026-01-27 04:52:43] DB Connected successfully
[2026-01-27 04:52:47] DB Connected successfully
[2026-01-27 04:56:21] DB Connected successfully
[2026-01-27 04:56:24] DB Connected successfully
[2026-01-27 04:56:24] DB Connected successfully
[2026-01-27 04:56:29] DB Connected successfully
[2026-01-27 04:56:34] DB Connected successfully
[2026-01-27 04:57:27] DB Connected successfully
[2026-01-27 05:03:18] DB Connected successfully
[2026-01-27 05:03:25] DB Connected successfully
[2026-01-27 05:03:29] DB Connected successfully
[2026-01-27 05:03:34] DB Connected successfully
[2026-01-27 05:03:53] DB Connected successfully
[2026-01-27 05:03:53] DB Connected successfully
[2026-01-27 05:03:58] DB Connected successfully
[2026-01-27 05:04:20] DB Connected successfully
[2026-01-27 05:16:17] DB Connected successfully
[2026-01-27 05:19:29] DB Connected successfully
[2026-01-27 05:20:23] DB Connected successfully
[2026-01-27 05:21:36] DB Connected successfully
[2026-01-27 05:21:43] DB Connected successfully
[2026-01-27 05:21:47] DB Connected successfully
[2026-01-27 05:22:13] DB Connected successfully
[2026-01-27 05:22:18] DB Connected successfully
[2026-01-27 05:23:06] DB Connected successfully
[2026-01-27 05:23:20] DB Connected successfully
[2026-01-27 05:24:04] DB Connected successfully
[2026-01-27 05:24:07] DB Connected successfully
[2026-01-27 05:26:02] DB Connected successfully
[2026-01-27 05:26:57] DB Connected successfully
[2026-01-27 05:26:58] DB Connected successfully
[2026-01-27 05:27:39] DB Connected successfully
[2026-01-27 05:27:43] DB Connected successfully
[2026-01-27 05:27:46] DB Connected successfully
[2026-01-27 05:27:47] DB Connected successfully
[2026-01-27 05:36:13] DB Connected successfully
[2026-01-27 05:37:51] DB Connected successfully
[2026-01-27 05:38:34] DB Connected successfully
[2026-01-27 05:39:02] DB Connected successfully
[2026-01-27 05:39:55] DB Connected successfully
[2026-01-27 05:39:55] DB Connected successfully
[2026-01-27 05:41:01] DB Connected successfully
[2026-01-27 05:42:02] DB Connected successfully
[2026-01-27 05:42:36] DB Connected successfully
[2026-01-27 05:43:22] DB Connected successfully
[2026-01-27 05:45:05] DB Connected successfully
[2026-01-27 05:46:02] DB Connected successfully
[2026-01-27 05:46:03] DB Connected successfully
[2026-01-27 05:46:05] DB Connected successfully
[2026-01-27 05:46:06] DB Connected successfully
[2026-01-27 05:46:08] DB Connected successfully
[2026-01-27 05:53:14] DB Connected successfully
[2026-01-27 05:53:48] DB Connected successfully
[2026-01-27 05:53:48] DB Connected successfully
[2026-01-27 05:55:47] DB Connected successfully
[2026-01-27 05:55:47] DB Connected successfully
[2026-01-27 05:56:05] DB Connected successfully
[2026-01-27 05:56:21] DB Connected successfully
[2026-01-27 05:56:22] DB Connected successfully
[2026-01-27 05:56:23] DB Connected successfully
[2026-01-27 05:56:30] DB Connected successfully
[2026-01-27 05:56:38] DB Connected successfully
[2026-01-27 05:57:29] DB Connected successfully
[2026-01-27 05:57:33] DB Connected successfully
[2026-01-27 05:58:19] DB Connected successfully
[2026-01-27 05:58:24] DB Connected successfully
[2026-01-27 05:58:31] DB Connected successfully
[2026-01-27 05:58:36] DB Connected successfully
[2026-01-27 06:00:03] DB Connected successfully
[2026-01-27 06:00:13] DB Connected successfully
[2026-01-27 06:00:19] DB Connected successfully
[2026-01-27 06:00:27] DB Connected successfully
[2026-01-27 06:00:28] DB Connected successfully
[2026-01-27 06:09:16] DB Connected successfully
[2026-01-27 06:09:17] DB Connected successfully
[2026-01-27 06:10:19] DB Connected successfully
[2026-01-27 06:10:40] DB Connected successfully
[2026-01-27 06:10:46] DB Connected successfully
[2026-01-27 06:10:46] DB Connected successfully
[2026-01-27 06:10:48] DB Connected successfully
[2026-01-27 06:10:49] DB Connected successfully
[2026-01-27 06:11:33] DB Connected successfully
[2026-01-27 06:11:34] DB Connected successfully
[2026-01-27 06:11:37] DB Connected successfully
[2026-01-27 06:11:41] DB Connected successfully
[2026-01-27 06:11:44] DB Connected successfully
[2026-01-27 06:11:50] DB Connected successfully
[2026-01-27 06:11:55] DB Connected successfully
[2026-01-27 06:12:01] DB Connected successfully
[2026-01-27 06:12:43] DB Connected successfully
[2026-01-27 06:14:01] DB Connected successfully
[2026-01-27 06:14:44] DB Connected successfully
[2026-01-27 06:15:14] DB Connected successfully
[2026-01-27 06:15:56] DB Connected successfully
[2026-01-27 06:18:12] DB Connected successfully
[2026-01-27 06:19:14] DB Connected successfully
[2026-01-27 06:19:15] DB Connected successfully
[2026-01-27 06:20:10] DB Connected successfully
[2026-01-27 06:20:11] DB Connected successfully
[2026-01-27 06:20:14] DB Connected successfully
[2026-01-27 06:20:17] DB Connected successfully
[2026-01-27 06:20:22] DB Connected successfully
[2026-01-27 06:20:24] DB Connected successfully
[2026-01-27 06:20:26] DB Connected successfully
[2026-01-27 06:20:29] DB Connected successfully
[2026-01-27 06:20:33] DB Connected successfully
[2026-01-27 06:20:38] DB Connected successfully
[2026-01-27 06:21:59] DB Connected successfully
[2026-01-27 06:22:02] DB Connected successfully
[2026-01-27 06:22:31] DB Connected successfully
[2026-01-27 06:22:59] DB Connected successfully
[2026-01-27 06:23:04] DB Connected successfully
[2026-01-27 06:24:18] DB Connected successfully
[2026-01-27 06:24:27] DB Connected successfully
[2026-01-27 06:24:44] DB Connected successfully
[2026-01-27 06:24:54] DB Connected successfully
[2026-01-27 06:24:54] DB Connected successfully
[2026-01-27 06:27:39] DB Connected successfully
[2026-01-27 06:27:40] DB Connected successfully
[2026-01-27 06:27:43] DB Connected successfully
[2026-01-27 06:27:45] DB Connected successfully
[2026-01-27 06:28:35] DB Connected successfully
[2026-01-27 06:28:46] DB Connected successfully
[2026-01-27 06:28:57] DB Connected successfully
[2026-01-27 06:28:59] DB Connected successfully
[2026-01-27 06:29:02] DB Connected successfully
[2026-01-27 06:29:04] DB Connected successfully
[2026-01-27 06:30:36] DB Connected successfully
[2026-01-27 06:30:41] DB Connected successfully
[2026-01-27 06:30:46] DB Connected successfully
[2026-01-27 06:31:47] DB Connected successfully
[2026-01-27 06:32:26] DB Connected successfully
[2026-01-27 06:32:45] DB Connected successfully
[2026-01-27 06:32:48] DB Connected successfully
[2026-01-27 06:37:21] DB Connected successfully
[2026-01-27 06:42:54] DB Connected successfully
[2026-01-27 06:42:55] DB Connected successfully
[2026-01-27 06:43:54] DB Connected successfully
[2026-01-27 06:43:54] DB Connected successfully
[2026-01-27 06:44:00] DB Connected successfully
[2026-01-27 06:44:08] DB Connected successfully
[2026-01-27 06:44:08] DB Connected successfully
[2026-01-27 06:44:28] DB Connected successfully
[2026-01-27 06:44:39] DB Connected successfully
[2026-01-27 06:44:42] DB Connected successfully
[2026-01-27 06:49:31] DB Connected successfully
[2026-01-27 06:49:38] DB Connected successfully
[2026-01-27 06:52:15] DB Connected successfully
[2026-01-27 06:52:19] DB Connected successfully
[2026-01-27 06:57:09] DB Connected successfully
[2026-01-27 06:57:17] DB Connected successfully
[2026-01-27 06:57:26] DB Connected successfully
[2026-01-27 06:57:27] DB Connected successfully
[2026-01-27 06:57:31] DB Connected successfully
[2026-01-27 06:57:31] DB Connected successfully
[2026-01-27 06:57:46] DB Connected successfully
[2026-01-27 06:57:46] DB Connected successfully
[2026-01-27 06:57:47] DB Connected successfully
[2026-01-27 06:57:51] DB Connected successfully
[2026-01-27 06:58:02] DB Connected successfully
[2026-01-27 06:58:02] DB Connected successfully
[2026-01-27 06:58:41] DB Connected successfully
[2026-01-27 06:58:42] DB Connected successfully
[2026-01-27 07:00:59] DB Connected successfully
[2026-01-27 07:00:59] DB Connected successfully
[2026-01-27 07:01:00] DB Connected successfully
[2026-01-27 07:12:15] DB Connected successfully
[2026-01-27 07:12:16] DB Connected successfully
[2026-01-27 07:12:20] DB Connected successfully
[2026-01-27 07:12:21] DB Connected successfully
[2026-01-27 07:12:24] DB Connected successfully
