[2026-01-23 11:05:59] Login attempt for email: Ighodaro.algadg@gmail.com
[2026-01-23 11:05:59] Database connected, querying user...
[2026-01-23 11:05:59] User found (ID: 1), verifying password...
[2026-01-23 11:05:59] SUCCESS: Password verified for user 1
[2026-01-23 11:05:59] Session set, redirecting to dashboard...
[2026-01-23 11:48:56] Login attempt for email: Ighodaro.algadg@gmail.com
[2026-01-23 11:48:56] Database connected, querying user...
[2026-01-23 11:48:56] User found (ID: 1), verifying password...
[2026-01-23 11:48:57] SUCCESS: Password verified for user 1
[2026-01-23 11:48:57] Session set, redirecting to dashboard...
[2026-01-23 12:09:34] Login attempt for email: IDAHOSA242@gmail.com
[2026-01-23 12:09:34] Database connected, querying user...
[2026-01-23 12:09:34] FAILED: User not found for email: IDAHOSA242@gmail.com
[2026-01-23 12:09:49] Login attempt for email: IDAHOSA242@gmail.com
[2026-01-23 12:09:49] Database connected, querying user...
[2026-01-23 12:09:49] FAILED: User not found for email: IDAHOSA242@gmail.com
[2026-01-23 12:10:00] Login attempt for email: IDAHOSA242@gmail.com
[2026-01-23 12:10:00] Database connected, querying user...
[2026-01-23 12:10:00] FAILED: User not found for email: IDAHOSA242@gmail.com
[2026-01-23 12:10:05] Login attempt for email: IDAHOSA242@gmail.com
[2026-01-23 12:10:05] Database connected, querying user...
[2026-01-23 12:10:05] FAILED: User not found for email: IDAHOSA242@gmail.com
[2026-01-23 12:10:18] Login attempt for email: Ighodaro.algadg@gmail.com
[2026-01-23 12:10:18] Database connected, querying user...
[2026-01-23 12:10:18] User found (ID: 1), verifying password...
[2026-01-23 12:10:19] SUCCESS: Password verified for user 1
[2026-01-23 12:10:19] Session set, redirecting to dashboard...
